[90m╔════════════════════[39m[90m╤════════════════════════════════════════════════════════════════════════════════════════════════════╗[39m
[90m║[39m[31m [32m🧟 Zombienet 🧟[0m    [39m[90m│[39m[31m [32mInitiation[0m                                                                                         [39m[90m║[39m
[90m╟────────────────────[39m[90m┼────────────────────────────────────────────────────────────────────────────────────────────────────╢[39m
[90m║[39m [32mProvider[0m           [90m│[39m [34mnative[0m                                                                                             [90m║[39m
[90m╟────────────────────[39m[90m┼────────────────────────────────────────────────────────────────────────────────────────────────────╢[39m
[90m║[39m [32mNamespace[0m          [90m│[39m zombie-b240bb0d1d7bc30d17dd9a4ed81451cf                                                            [90m║[39m
[90m╟────────────────────[39m[90m┼────────────────────────────────────────────────────────────────────────────────────────────────────╢[39m
[90m║[39m [32mTemp Dir[0m           [90m│[39m /tmp/zombie-b240bb0d1d7bc30d17dd9a4ed81451cf_-79225-0tkQ9Ss7o7tJ                                   [90m║[39m
[90m╚════════════════════[39m[90m╧════════════════════════════════════════════════════════════════════════════════════════════════════╝[39m
[90m┌─────────────────────────[39m[90m┬────────────────────────────────────────────────────────────────────────────────────────────────────┐[39m
[90m│[39m [36mPod[0m                     [90m│[39m [32mtemp[0m                                                                                               [90m│[39m
[90m├─────────────────────────[39m[90m┼────────────────────────────────────────────────────────────────────────────────────────────────────┤[39m
[90m│[39m [36mStatus[0m                  [90m│[39m [32mLaunching[0m                                                                                          [90m│[39m
[90m├─────────────────────────[39m[90m┼────────────────────────────────────────────────────────────────────────────────────────────────────┤[39m
[90m│[39m [36mCommand[0m                 [90m│[39m [37mbash -c ./bin/polkadot-v1.0.0 build-spec --chain rococo-local --disable-default-bootn[39m              [90m│[39m
[90m│[39m                         [90m│[39m [37mode > /tmp/zombie-b240bb0d1d7bc30d17dd9a4ed81451cf_-79225-0tkQ9Ss7o7tJ/cfg/rococo-local-pl[39m         [90m│[39m
[90m│[39m                         [90m│[39m [37main.json[0m                                                                                           [90m│[39m
[90m└─────────────────────────[39m[90m┴────────────────────────────────────────────────────────────────────────────────────────────────────┘[39m
[90m┌────────────────────────────────────────[39m[90m┬────────────────────────────────────────────────────────────────────────────────┐[39m
[90m│[39m [36mPod[0m                                    [90m│[39m [32mtemp[0m                                                                           [90m│[39m
[90m├────────────────────────────────────────[39m[90m┼────────────────────────────────────────────────────────────────────────────────┤[39m
[90m│[39m [36mStatus[0m                                 [90m│[39m [32mReady[0m                                                                          [90m│[39m
[90m└────────────────────────────────────────[39m[90m┴────────────────────────────────────────────────────────────────────────────────┘[39m
[90m┌─────────────────────────[39m[90m┬────────────────────────────────────────────────────────────────────────────────────────────────────┐[39m
[90m│[39m [36mPod[0m                     [90m│[39m [32mtemp-1[0m                                                                                             [90m│[39m
[90m├─────────────────────────[39m[90m┼────────────────────────────────────────────────────────────────────────────────────────────────────┤[39m
[90m│[39m [36mStatus[0m                  [90m│[39m [32mLaunching[0m                                                                                          [90m│[39m
[90m├─────────────────────────[39m[90m┼────────────────────────────────────────────────────────────────────────────────────────────────────┤[39m
[90m│[39m [36mCommand[0m                 [90m│[39m [37mbash -c ./bin/polkadot-parachain-v1.0.0 build-spec --chain asset-hub-kusama-local --d[39m              [90m│[39m
[90m│[39m                         [90m│[39m [37misable-default-bootnode > /tmp/zombie-b240bb0d1d7bc30d17dd9a4ed81451cf_-79225-0tkQ9Ss7o7tJ[39m         [90m│[39m
[90m│[39m                         [90m│[39m [37m/cfg/asset-hub-kusama-local-1000-rococo-local-plain.json[0m                                           [90m│[39m
[90m└─────────────────────────[39m[90m┴────────────────────────────────────────────────────────────────────────────────────────────────────┘[39m
[90m┌─────────────────────────[39m[90m┬────────────────────────────────────────────────────────────────────────────────────────────────────┐[39m
[90m│[39m [36mPod[0m                     [90m│[39m [32mtemp-2[0m                                                                                             [90m│[39m
[90m├─────────────────────────[39m[90m┼────────────────────────────────────────────────────────────────────────────────────────────────────┤[39m
[90m│[39m [36mStatus[0m                  [90m│[39m [32mLaunching[0m                                                                                          [90m│[39m
[90m├─────────────────────────[39m[90m┼────────────────────────────────────────────────────────────────────────────────────────────────────┤[39m
[90m│[39m [36mCommand[0m                 [90m│[39m [37mbash -c ./bin/trappist-collator build-spec --chain trappist-local --disable-default-b[39m              [90m│[39m
[90m│[39m                         [90m│[39m [37mootnode > /tmp/zombie-b240bb0d1d7bc30d17dd9a4ed81451cf_-79225-0tkQ9Ss7o7tJ/cfg/trappist-lo[39m         [90m│[39m
[90m│[39m                         [90m│[39m [37mcal-2000-rococo-local-plain.json[0m                                                                   [90m│[39m
[90m└─────────────────────────[39m[90m┴────────────────────────────────────────────────────────────────────────────────────────────────────┘[39m
[90m┌────────────────────────────────────────[39m[90m┬────────────────────────────────────────────────────────────────────────────────┐[39m
[90m│[39m [36mPod[0m                                    [90m│[39m [32mtemp-2[0m                                                                         [90m│[39m
[90m├────────────────────────────────────────[39m[90m┼────────────────────────────────────────────────────────────────────────────────┤[39m
[90m│[39m [36mStatus[0m                                 [90m│[39m [32mReady[0m                                                                          [90m│[39m
[90m└────────────────────────────────────────[39m[90m┴────────────────────────────────────────────────────────────────────────────────┘[39m
[90m┌────────────────────────────────────────[39m[90m┬────────────────────────────────────────────────────────────────────────────────┐[39m
[90m│[39m [36mPod[0m                                    [90m│[39m [32mtemp-1[0m                                                                         [90m│[39m
[90m├────────────────────────────────────────[39m[90m┼────────────────────────────────────────────────────────────────────────────────┤[39m
[90m│[39m [36mStatus[0m                                 [90m│[39m [32mReady[0m                                                                          [90m│[39m
[90m└────────────────────────────────────────[39m[90m┴────────────────────────────────────────────────────────────────────────────────┘[39m
[90m┌────────────────────────────────────────────────────────────────────────────────────────────────────────────────────────┐[39m
[90m│[39m [32m🧹 Starting with a fresh authority set...[0m                                                                              [90m│[39m
[90m└────────────────────────────────────────────────────────────────────────────────────────────────────────────────────────┘[39m
[90m┌──────────────────────────────[39m[90m┬────────────────────[39m[90m┬──────────────────────────────────────────────────────────────────────┐[39m
[90m│[39m [36m👤 Added Genesis Authority[0m   [90m│[39m [32mstate[39m              [90m│[39m [35m5C7aH4nizdcANt1FP2RrR3Z71osU3oGEKPTaEyks1ABBE482[0m                     [90m│[39m
[90m│[39m                              [90m│[39m [32mmine-colla[39m         [90m│[39m                                                                      [90m│[39m
[90m│[39m                              [90m│[39m [32mtor01[0m              [90m│[39m                                                                      [90m│[39m
[90m└──────────────────────────────[39m[90m┴────────────────────[39m[90m┴──────────────────────────────────────────────────────────────────────┘[39m
[90m┌──────────────────────────────[39m[90m┬────────────────────[39m[90m┬──────────────────────────────────────────────────────────────────────┐[39m
[90m│[39m [36m👤 Added CollatorSelection [0m  [90m│[39m [32mstate[39m              [90m│[39m [35m5Hmz3wXBdRSBZnzHY56yErs73hAcUMXYaxPicKbSaZhb8VU6[0m                     [90m│[39m
[90m│[39m                              [90m│[39m [32mmine-colla[39m         [90m│[39m                                                                      [90m│[39m
[90m│[39m                              [90m│[39m [32mtor01[0m              [90m│[39m                                                                      [90m│[39m
[90m└──────────────────────────────[39m[90m┴────────────────────[39m[90m┴──────────────────────────────────────────────────────────────────────┘[39m
[90m┌──────────────────────────────[39m[90m┬────────────────────[39m[90m┬──────────────────────────────────────────────────────────────────────┐[39m
[90m│[39m [36m👤 Added Genesis Authority[0m   [90m│[39m [32mstate[39m              [90m│[39m [35m5E2RANWpgfauSGoi1vtZAiTKemjbDJGwRZWDdpJSz6zSr6h8[0m                     [90m│[39m
[90m│[39m                              [90m│[39m [32mmine-colla[39m         [90m│[39m                                                                      [90m│[39m
[90m│[39m                              [90m│[39m [32mtor02[0m              [90m│[39m                                                                      [90m│[39m
[90m└──────────────────────────────[39m[90m┴────────────────────[39m[90m┴──────────────────────────────────────────────────────────────────────┘[39m
[90m┌──────────────────────────────[39m[90m┬────────────────────[39m[90m┬──────────────────────────────────────────────────────────────────────┐[39m
[90m│[39m [36m👤 Added CollatorSelection [0m  [90m│[39m [32mstate[39m              [90m│[39m [35m5D7FC8FicfCFKTpzBcgbf8RpdxchEKhyKSPDyMVJk7wPenpH[0m                     [90m│[39m
[90m│[39m                              [90m│[39m [32mmine-colla[39m         [90m│[39m                                                                      [90m│[39m
[90m│[39m                              [90m│[39m [32mtor02[0m              [90m│[39m                                                                      [90m│[39m
[90m└──────────────────────────────[39m[90m┴────────────────────[39m[90m┴──────────────────────────────────────────────────────────────────────┘[39m
[90m┌─────────────────────────[39m[90m┬────────────────────────────────────────────────────────────────────────────────────────────────────┐[39m
[90m│[39m [36mPod[0m                     [90m│[39m [32mtemp-3[0m                                                                                             [90m│[39m
[90m├─────────────────────────[39m[90m┼────────────────────────────────────────────────────────────────────────────────────────────────────┤[39m
[90m│[39m [36mStatus[0m                  [90m│[39m [32mLaunching[0m                                                                                          [90m│[39m
[90m├─────────────────────────[39m[90m┼────────────────────────────────────────────────────────────────────────────────────────────────────┤[39m
[90m│[39m [36mCommand[0m                 [90m│[39m [37mbash -c ./bin/polkadot-parachain-v1.0.0 build-spec --chain /tmp/zombie-b240bb0d1d7bc3[39m              [90m│[39m
[90m│[39m                         [90m│[39m [37m0d17dd9a4ed81451cf_-79225-0tkQ9Ss7o7tJ/asset-hub-kusama-local-1000-rococo-local-plain.json[39m         [90m│[39m
[90m│[39m                         [90m│[39m [37m --disable-default-bootnode  --raw > /tmp/zombie-b240bb0d1d7bc30d17dd9a4ed81451cf_-79225-0[39m         [90m│[39m
[90m│[39m                         [90m│[39m [37mtkQ9Ss7o7tJ/asset-hub-kusama-local-1000-rococo-local-raw.json[0m                                      [90m│[39m
[90m└─────────────────────────[39m[90m┴────────────────────────────────────────────────────────────────────────────────────────────────────┘[39m
[90m┌────────────────────────────────────────────────────────────────────────────────────────────────────────────────────────┐[39m
[90m│[39m [32m🧹 Starting with a fresh authority set...[0m                                                                              [90m│[39m
[90m└────────────────────────────────────────────────────────────────────────────────────────────────────────────────────────┘[39m
[90m┌──────────────────────────────[39m[90m┬────────────────────[39m[90m┬──────────────────────────────────────────────────────────────────────┐[39m
[90m│[39m [36m👤 Added Genesis Authority[0m   [90m│[39m [32mtrapp[39m              [90m│[39m [35m5Ef4Wx8ryVug1jpiVuWUcv5sJKeUqshiR3h3FimpjerZWcR1[0m                     [90m│[39m
[90m│[39m                              [90m│[39m [32mist-collat[39m         [90m│[39m                                                                      [90m│[39m
[90m│[39m                              [90m│[39m [32mor01[0m               [90m│[39m                                                                      [90m│[39m
[90m└──────────────────────────────[39m[90m┴────────────────────[39m[90m┴──────────────────────────────────────────────────────────────────────┘[39m
[90m┌──────────────────────────────[39m[90m┬────────────────────[39m[90m┬──────────────────────────────────────────────────────────────────────┐[39m
[90m│[39m [36m👤 Added CollatorSelection [0m  [90m│[39m [32mtrapp[39m              [90m│[39m [35m5F28xAqbPSLFqYMotHPT3pCHJEgnW8xSFNgSfkTMP3SLcrd1[0m                     [90m│[39m
[90m│[39m                              [90m│[39m [32mist-collat[39m         [90m│[39m                                                                      [90m│[39m
[90m│[39m                              [90m│[39m [32mor01[0m               [90m│[39m                                                                      [90m│[39m
[90m└──────────────────────────────[39m[90m┴────────────────────[39m[90m┴──────────────────────────────────────────────────────────────────────┘[39m
[90m┌──────────────────────────────[39m[90m┬────────────────────[39m[90m┬──────────────────────────────────────────────────────────────────────┐[39m
[90m│[39m [36m👤 Added Genesis Authority[0m   [90m│[39m [32mtrapp[39m              [90m│[39m [35m5CAuMQEAgWG2qpYWd3nv7LRpL39nQscmG4n75ZqfZkoSGyb5[0m                     [90m│[39m
[90m│[39m                              [90m│[39m [32mist-collat[39m         [90m│[39m                                                                      [90m│[39m
[90m│[39m                              [90m│[39m [32mor02[0m               [90m│[39m                                                                      [90m│[39m
[90m└──────────────────────────────[39m[90m┴────────────────────[39m[90m┴──────────────────────────────────────────────────────────────────────┘[39m
[90m┌──────────────────────────────[39m[90m┬────────────────────[39m[90m┬──────────────────────────────────────────────────────────────────────┐[39m
[90m│[39m [36m👤 Added CollatorSelection [0m  [90m│[39m [32mtrapp[39m              [90m│[39m [35m5D4qZJmtiB9axkaKczXA3iyQBYtroTRwpkW8rJz9GMEWg6dv[0m                     [90m│[39m
[90m│[39m                              [90m│[39m [32mist-collat[39m         [90m│[39m                                                                      [90m│[39m
[90m│[39m                              [90m│[39m [32mor02[0m               [90m│[39m                                                                      [90m│[39m
[90m└──────────────────────────────[39m[90m┴────────────────────[39m[90m┴──────────────────────────────────────────────────────────────────────┘[39m
[90m┌────────────────────────────────────────[39m[90m┬────────────────────────────────────────────────────────────────────────────────┐[39m
[90m│[39m [36mPod[0m                                    [90m│[39m [32mtemp-3[0m                                                                         [90m│[39m
[90m├────────────────────────────────────────[39m[90m┼────────────────────────────────────────────────────────────────────────────────┤[39m
[90m│[39m [36mStatus[0m                                 [90m│[39m [32mReady[0m                                                                          [90m│[39m
[90m└────────────────────────────────────────[39m[90m┴────────────────────────────────────────────────────────────────────────────────┘[39m
[90m┌─────────────────────────[39m[90m┬────────────────────────────────────────────────────────────────────────────────────────────────────┐[39m
[90m│[39m [36mPod[0m                     [90m│[39m [32mtemp-4[0m                                                                                             [90m│[39m
[90m├─────────────────────────[39m[90m┼────────────────────────────────────────────────────────────────────────────────────────────────────┤[39m
[90m│[39m [36mStatus[0m                  [90m│[39m [32mLaunching[0m                                                                                          [90m│[39m
[90m├─────────────────────────[39m[90m┼────────────────────────────────────────────────────────────────────────────────────────────────────┤[39m
[90m│[39m [36mCommand[0m                 [90m│[39m [37mbash -c ./bin/trappist-collator build-spec --chain /tmp/zombie-b240bb0d1d7bc30d17dd9a[39m              [90m│[39m
[90m│[39m                         [90m│[39m [37m4ed81451cf_-79225-0tkQ9Ss7o7tJ/trappist-local-2000-rococo-local-plain.json --disable-defau[39m         [90m│[39m
[90m│[39m                         [90m│[39m [37mlt-bootnode  --raw > /tmp/zombie-b240bb0d1d7bc30d17dd9a4ed81451cf_-79225-0tkQ9Ss7o7tJ/trap[39m         [90m│[39m
[90m│[39m                         [90m│[39m [37mpist-local-2000-rococo-local-raw.json[0m                                                              [90m│[39m
[90m└─────────────────────────[39m[90m┴────────────────────────────────────────────────────────────────────────────────────────────────────┘[39m
[90m┌────────────────────────────────────────[39m[90m┬────────────────────────────────────────────────────────────────────────────────┐[39m
[90m│[39m [36mPod[0m                                    [90m│[39m [32mtemp-4[0m                                                                         [90m│[39m
[90m├────────────────────────────────────────[39m[90m┼────────────────────────────────────────────────────────────────────────────────┤[39m
[90m│[39m [36mStatus[0m                                 [90m│[39m [32mReady[0m                                                                          [90m│[39m
[90m└────────────────────────────────────────[39m[90m┴────────────────────────────────────────────────────────────────────────────────┘[39m
[90m┌─────────────────────────[39m[90m┬────────────────────────────────────────────────────────────────────────────────────────────────────┐[39m
[90m│[39m [36mPod[0m                     [90m│[39m [32mtemp-collator[0m                                                                                      [90m│[39m
[90m├─────────────────────────[39m[90m┼────────────────────────────────────────────────────────────────────────────────────────────────────┤[39m
[90m│[39m [36mStatus[0m                  [90m│[39m [32mLaunching[0m                                                                                          [90m│[39m
[90m├─────────────────────────[39m[90m┼────────────────────────────────────────────────────────────────────────────────────────────────────┤[39m
[90m│[39m [36mCommand[0m                 [90m│[39m [37mbash -c ./bin/polkadot-parachain-v1.0.0 export-genesis-state --chain /tmp/zombie-b240[39m              [90m│[39m
[90m│[39m                         [90m│[39m [37mbb0d1d7bc30d17dd9a4ed81451cf_-79225-0tkQ9Ss7o7tJ/asset-hub-kusama-local-1000-rococo-local.[39m         [90m│[39m
[90m│[39m                         [90m│[39m [37mjson > /tmp/zombie-b240bb0d1d7bc30d17dd9a4ed81451cf_-79225-0tkQ9Ss7o7tJ/cfg/genesis-state-[39m         [90m│[39m
[90m│[39m                         [90m│[39m [37m1000 && ./bin/polkadot-parachain-v1.0.0 export-genesis-wasm --chain /tmp/zombie-b240bb0d1d[39m         [90m│[39m
[90m│[39m                         [90m│[39m [37m7bc30d17dd9a4ed81451cf_-79225-0tkQ9Ss7o7tJ/asset-hub-kusama-local-1000-rococo-local.json >[39m         [90m│[39m
[90m│[39m                         [90m│[39m [37m /tmp/zombie-b240bb0d1d7bc30d17dd9a4ed81451cf_-79225-0tkQ9Ss7o7tJ/cfg/genesis-wasm-1000[0[39m            [90m│[39m
[90m│[39m                         [90m│[39m [37mm[39m                                                                                                  [90m│[39m
[90m└─────────────────────────[39m[90m┴────────────────────────────────────────────────────────────────────────────────────────────────────┘[39m
[90m┌─────────────────────────[39m[90m┬────────────────────────────────────────────────────────────────────────────────────────────────────┐[39m
[90m│[39m [36mPod[0m                     [90m│[39m [32mtemp-collator-1[0m                                                                                    [90m│[39m
[90m├─────────────────────────[39m[90m┼────────────────────────────────────────────────────────────────────────────────────────────────────┤[39m
[90m│[39m [36mStatus[0m                  [90m│[39m [32mLaunching[0m                                                                                          [90m│[39m
[90m├─────────────────────────[39m[90m┼────────────────────────────────────────────────────────────────────────────────────────────────────┤[39m
[90m│[39m [36mCommand[0m                 [90m│[39m [37mbash -c ./bin/trappist-collator export-genesis-state --chain /tmp/zombie-b240bb0d1d7b[39m              [90m│[39m
[90m│[39m                         [90m│[39m [37mc30d17dd9a4ed81451cf_-79225-0tkQ9Ss7o7tJ/trappist-local-2000-rococo-local.json > /tmp/zomb[39m         [90m│[39m
[90m│[39m                         [90m│[39m [37mie-b240bb0d1d7bc30d17dd9a4ed81451cf_-79225-0tkQ9Ss7o7tJ/cfg/genesis-state-2000 && ./bin/tr[39m         [90m│[39m
[90m│[39m                         [90m│[39m [37mappist-collator export-genesis-wasm --chain /tmp/zombie-b240bb0d1d7bc30d17dd9a4ed81451cf_-[39m         [90m│[39m
[90m│[39m                         [90m│[39m [37m79225-0tkQ9Ss7o7tJ/trappist-local-2000-rococo-local.json > /tmp/zombie-b240bb0d1d7bc30d17d[39m         [90m│[39m
[90m│[39m                         [90m│[39m [37md9a4ed81451cf_-79225-0tkQ9Ss7o7tJ/cfg/genesis-wasm-2000[0m                                            [90m│[39m
[90m└─────────────────────────[39m[90m┴────────────────────────────────────────────────────────────────────────────────────────────────────┘[39m
[90m┌────────────────────────────────────────[39m[90m┬────────────────────────────────────────────────────────────────────────────────┐[39m
[90m│[39m [36mPod[0m                                    [90m│[39m [32mtemp-collator[0m                                                                  [90m│[39m
[90m├────────────────────────────────────────[39m[90m┼────────────────────────────────────────────────────────────────────────────────┤[39m
[90m│[39m [36mStatus[0m                                 [90m│[39m [32mReady[0m                                                                          [90m│[39m
[90m└────────────────────────────────────────[39m[90m┴────────────────────────────────────────────────────────────────────────────────┘[39m
[90m┌────────────────────────────────────────[39m[90m┬────────────────────────────────────────────────────────────────────────────────┐[39m
[90m│[39m [36mPod[0m                                    [90m│[39m [32mtemp-collator-1[0m                                                                [90m│[39m
[90m├────────────────────────────────────────[39m[90m┼────────────────────────────────────────────────────────────────────────────────┤[39m
[90m│[39m [36mStatus[0m                                 [90m│[39m [32mReady[0m                                                                          [90m│[39m
[90m└────────────────────────────────────────[39m[90m┴────────────────────────────────────────────────────────────────────────────────┘[39m
[90m╔════════════════════════════════════════════════════════════════════════════════════════════════════════════════════════╗[39m
[90m║[39m [32m✓ Added Genesis Parachain[0m 1000                                                                                         [90m║[39m
[90m╚════════════════════════════════════════════════════════════════════════════════════════════════════════════════════════╝[39m
[90m╔════════════════════════════════════════════════════════════════════════════════════════════════════════════════════════╗[39m
[90m║[39m [32m✓ Added Genesis Parachain[0m 2000                                                                                         [90m║[39m
[90m╚════════════════════════════════════════════════════════════════════════════════════════════════════════════════════════╝[39m
[90m┌────────────────────────────────────────────────────────────────────────────────────────────────────────────────────────┐[39m
[90m│[39m [32m🧹 Starting with a fresh authority set...[0m                                                                              [90m│[39m
[90m└────────────────────────────────────────────────────────────────────────────────────────────────────────────────────────┘[39m
[90m╔════════════════════════════════════════════════════════════════════════════════════════════════════════════════════════╗[39m
[90m║[39m 👤 Added Balance 2000000000000 for [32malice[0m - [35m5GNJqTPyNqANBkUVMN1LPPrxXnFouWXoe2wNSmmEoLctxiZY[0m                            [90m║[39m
[90m╚════════════════════════════════════════════════════════════════════════════════════════════════════════════════════════╝[39m
[90m╔════════════════════════════════════════════════════════════════════════════════════════════════════════════════════════╗[39m
[90m║[39m 👤 Added Balance 2000000000000 for [32mbob[0m - [35m5HpG9w8EBLe5XCrbczpwq5TSXvedjrBGCwqxK1iQ7qUsSWFc[0m                              [90m║[39m
[90m╚════════════════════════════════════════════════════════════════════════════════════════════════════════════════════════╝[39m
[90m╔════════════════════════════════════════════════════════════════════════════════════════════════════════════════════════╗[39m
[90m║[39m 👤 Added Balance 2000000000000 for [32mcharlie[0m - [35m5Ck5SLSHYac6WFt5UZRSsdJjwmpSZq85fd5TRNAdZQVzEAPT[0m                          [90m║[39m
[90m╚════════════════════════════════════════════════════════════════════════════════════════════════════════════════════════╝[39m
[90m╔════════════════════════════════════════════════════════════════════════════════════════════════════════════════════════╗[39m
[90m║[39m 👤 Added Balance 2000000000000 for [32mdave[0m - [35m5HKPmK9GYtE1PSLsS1qiYU9xQ9Si1NcEhdeCq9sw5bqu4ns8[0m                             [90m║[39m
[90m╚════════════════════════════════════════════════════════════════════════════════════════════════════════════════════════╝[39m
[90m┌──────────────────────────────[39m[90m┬────────────────────[39m[90m┬──────────────────────────────────────────────────────────────────────┐[39m
[90m│[39m [36m👤 Added Genesis Authority[0m   [90m│[39m [32malice[0m              [90m│[39m [35m5GNJqTPyNqANBkUVMN1LPPrxXnFouWXoe2wNSmmEoLctxiZY[0m                     [90m│[39m
[90m└──────────────────────────────[39m[90m┴────────────────────[39m[90m┴──────────────────────────────────────────────────────────────────────┘[39m
[90m┌──────────────────────────────[39m[90m┬────────────────────[39m[90m┬──────────────────────────────────────────────────────────────────────┐[39m
[90m│[39m [36m👤 Added Genesis Authority[0m   [90m│[39m [32mbob[0m                [90m│[39m [35m5HpG9w8EBLe5XCrbczpwq5TSXvedjrBGCwqxK1iQ7qUsSWFc[0m                     [90m│[39m
[90m└──────────────────────────────[39m[90m┴────────────────────[39m[90m┴──────────────────────────────────────────────────────────────────────┘[39m
[90m┌──────────────────────────────[39m[90m┬────────────────────[39m[90m┬──────────────────────────────────────────────────────────────────────┐[39m
[90m│[39m [36m👤 Added Genesis Authority[0m   [90m│[39m [32mcharlie[0m            [90m│[39m [35m5Ck5SLSHYac6WFt5UZRSsdJjwmpSZq85fd5TRNAdZQVzEAPT[0m                     [90m│[39m
[90m└──────────────────────────────[39m[90m┴────────────────────[39m[90m┴──────────────────────────────────────────────────────────────────────┘[39m
[90m┌──────────────────────────────[39m[90m┬────────────────────[39m[90m┬──────────────────────────────────────────────────────────────────────┐[39m
[90m│[39m [36m👤 Added Genesis Authority[0m   [90m│[39m [32mdave[0m               [90m│[39m [35m5HKPmK9GYtE1PSLsS1qiYU9xQ9Si1NcEhdeCq9sw5bqu4ns8[0m                     [90m│[39m
[90m└──────────────────────────────[39m[90m┴────────────────────[39m[90m┴──────────────────────────────────────────────────────────────────────┘[39m
[90m╔════════════════════════════════════════════════════════════════════════════════════════════════════════════════════════╗[39m
[90m║[39m                                                                                                                        [90m║[39m
[90m║[39m 	 [32mAdding Genesis HRMP Channels[0m                                                                                          [90m║[39m
[90m╚════════════════════════════════════════════════════════════════════════════════════════════════════════════════════════╝[39m
[90m╔════════════════════════════════════════════════════════════════════════════════════════════════════════════════════════╗[39m
[90m║[39m [32m✓ Added HRMP channel 1000 -> 2000[0m                                                                                      [90m║[39m
[90m╚════════════════════════════════════════════════════════════════════════════════════════════════════════════════════════╝[39m
[90m╔════════════════════════════════════════════════════════════════════════════════════════════════════════════════════════╗[39m
[90m║[39m [32m✓ Added HRMP channel 2000 -> 1000[0m                                                                                      [90m║[39m
[90m╚════════════════════════════════════════════════════════════════════════════════════════════════════════════════════════╝[39m
[90m┌─────────────────────────[39m[90m┬────────────────────────────────────────────────────────────────────────────────────────────────────┐[39m
[90m│[39m [36mPod[0m                     [90m│[39m [32mtemp-5[0m                                                                                             [90m│[39m
[90m├─────────────────────────[39m[90m┼────────────────────────────────────────────────────────────────────────────────────────────────────┤[39m
[90m│[39m [36mStatus[0m                  [90m│[39m [32mLaunching[0m                                                                                          [90m│[39m
[90m├─────────────────────────[39m[90m┼────────────────────────────────────────────────────────────────────────────────────────────────────┤[39m
[90m│[39m [36mCommand[0m                 [90m│[39m [37mbash -c ./bin/polkadot-v1.0.0 build-spec --chain /tmp/zombie-b240bb0d1d7bc30d17dd9a4e[39m              [90m│[39m
[90m│[39m                         [90m│[39m [37md81451cf_-79225-0tkQ9Ss7o7tJ/rococo-local-plain.json --disable-default-bootnode  --raw > /[39m         [90m│[39m
[90m│[39m                         [90m│[39m [37mtmp/zombie-b240bb0d1d7bc30d17dd9a4ed81451cf_-79225-0tkQ9Ss7o7tJ/rococo-local-raw.json[0m              [90m│[39m
[90m└─────────────────────────[39m[90m┴────────────────────────────────────────────────────────────────────────────────────────────────────┘[39m
[90m┌────────────────────────────────────────[39m[90m┬────────────────────────────────────────────────────────────────────────────────┐[39m
[90m│[39m [36mPod[0m                                    [90m│[39m [32mtemp-5[0m                                                                         [90m│[39m
[90m├────────────────────────────────────────[39m[90m┼────────────────────────────────────────────────────────────────────────────────┤[39m
[90m│[39m [36mStatus[0m                                 [90m│[39m [32mReady[0m                                                                          [90m│[39m
[90m└────────────────────────────────────────[39m[90m┴────────────────────────────────────────────────────────────────────────────────┘[39m
[90m╔════════════════════════════════════════════════════════════════════════════════════════════════════════════════════════╗[39m
[90m║[39m Chain name: [32mRococo Local Testnet[0m                                                                                       [90m║[39m
[90m╚════════════════════════════════════════════════════════════════════════════════════════════════════════════════════════╝[39m
[90m┌────────────────────────────────────────────────────────────────────────────────────────────────────────────────────────┐[39m
[90m│[39m [32mRococo Local Testnet[0m ⚙ Clear Boot Nodes                                                                                [90m│[39m
[90m└────────────────────────────────────────────────────────────────────────────────────────────────────────────────────────┘[39m
[90m┌─────────────────────────[39m[90m┬────────────────────────────────────────────────────────────────────────────────────────────────────┐[39m
[90m│[39m [36mPod[0m                     [90m│[39m [32malice[0m                                                                                              [90m│[39m
[90m├─────────────────────────[39m[90m┼────────────────────────────────────────────────────────────────────────────────────────────────────┤[39m
[90m│[39m [36mStatus[0m                  [90m│[39m [32mLaunching[0m                                                                                          [90m│[39m
[90m├─────────────────────────[39m[90m┼────────────────────────────────────────────────────────────────────────────────────────────────────┤[39m
[90m│[39m [36mCommand[0m                 [90m│[39m [37m./bin/polkadot-v1.0.0 --chain /tmp/zombie-b240bb0d1d7bc30d17dd9a4ed81451cf_-79225-0tk[39m              [90m│[39m
[90m│[39m                         [90m│[39m [37mQ9Ss7o7tJ/alice/cfg/rococo-local.json --name alice --rpc-cors all --unsafe-rpc-external --[39m         [90m│[39m
[90m│[39m                         [90m│[39m [37mrpc-methods unsafe -lparachain=debug --no-mdns --node-key 2bd806c97f0e00af1a1fc3328fa763a9[39m         [90m│[39m
[90m│[39m                         [90m│[39m [37m269723c8db8fac4f93af71db186d6e90 --no-telemetry --prometheus-external --validator --promet[39m         [90m│[39m
[90m│[39m                         [90m│[39m [37mheus-port 37781 --rpc-port 9900 --listen-addr /ip4/0.0.0.0/tcp/45325/ws --base-path /tmp/z[39m         [90m│[39m
[90m│[39m                         [90m│[39m [37mombie-b240bb0d1d7bc30d17dd9a4ed81451cf_-79225-0tkQ9Ss7o7tJ/alice/data[0m                              [90m│[39m
[90m└─────────────────────────[39m[90m┴────────────────────────────────────────────────────────────────────────────────────────────────────┘[39m
[90m┌────────────────────────────────────────[39m[90m┬────────────────────────────────────────────────────────────────────────────────┐[39m
[90m│[39m [36mPod[0m                                    [90m│[39m [32malice[0m                                                                          [90m│[39m
[90m├────────────────────────────────────────[39m[90m┼────────────────────────────────────────────────────────────────────────────────┤[39m
[90m│[39m [36mStatus[0m                                 [90m│[39m [32mReady[0m                                                                          [90m│[39m
[90m└────────────────────────────────────────[39m[90m┴────────────────────────────────────────────────────────────────────────────────┘[39m
[90m╔════════════════════[39m[90m╤════════════════════════════════════════════════════════════════════════════════════════════════════╗[39m
[90m║[39m Pod                [90m│[39m [32malice[0m                                                                                              [90m║[39m
[90m╟────────────────────[39m[90m┼────────────────────────────────────────────────────────────────────────────────────────────────────╢[39m
[90m║[39m Status             [90m│[39m [32mRunning[0m                                                                                            [90m║[39m
[90m╟────────────────────╧────────────────────────────────────────────────────────────────────────────────────────────────────╢[39m
[90m║[39m [35mYou can follow the logs of the node by running this command: [0m                                                           [90m║[39m
[90m╚═════════════════════════════════════════════════════════════════════════════════════════════════════════════════════════╝[39m
tail -f  /tmp/zombie-b240bb0d1d7bc30d17dd9a4ed81451cf_-79225-0tkQ9Ss7o7tJ/alice.log


[90m┌────────────────────────────────────────────────────────────────────────────────────────────────────────────────────────┐[39m
[90m│[39m [32mRococo Local Testnet[0m ⚙ Added Boot Nodes                                                                                [90m│[39m
[90m├────────────────────────────────────────────────────────────────────────────────────────────────────────────────────────┤[39m
[90m│[39m /ip4/127.0.0.1/tcp/45325/ws/p2p/12D3KooWQCkBm1BYtkHpocxCwMgR8yjitEeHGx8spzcDLGt2gkBm                                   [90m│[39m
[90m└────────────────────────────────────────────────────────────────────────────────────────────────────────────────────────┘[39m
[90m┌─────────────────────────[39m[90m┬────────────────────────────────────────────────────────────────────────────────────────────────────┐[39m
[90m│[39m [36mPod[0m                     [90m│[39m [32mbob[0m                                                                                                [90m│[39m
[90m├─────────────────────────[39m[90m┼────────────────────────────────────────────────────────────────────────────────────────────────────┤[39m
[90m│[39m [36mStatus[0m                  [90m│[39m [32mLaunching[0m                                                                                          [90m│[39m
[90m├─────────────────────────[39m[90m┼────────────────────────────────────────────────────────────────────────────────────────────────────┤[39m
[90m│[39m [36mCommand[0m                 [90m│[39m [37m./bin/polkadot-v1.0.0 --chain /tmp/zombie-b240bb0d1d7bc30d17dd9a4ed81451cf_-79225-0tk[39m              [90m│[39m
[90m│[39m                         [90m│[39m [37mQ9Ss7o7tJ/bob/cfg/rococo-local.json --name bob --rpc-cors all --unsafe-rpc-external --rpc-[39m         [90m│[39m
[90m│[39m                         [90m│[39m [37mmethods unsafe -lparachain=debug --no-mdns --node-key 81b637d8fcd2c6da6359e6963113a1170de7[39m         [90m│[39m
[90m│[39m                         [90m│[39m [37m95e4b725b84d1e0b4cfd9ec58ce9 --no-telemetry --prometheus-external --validator --bootnodes [39m         [90m│[39m
[90m│[39m                         [90m│[39m [37m/ip4/127.0.0.1/tcp/45325/ws/p2p/12D3KooWQCkBm1BYtkHpocxCwMgR8yjitEeHGx8spzcDLGt2gkBm --pro[39m         [90m│[39m
[90m│[39m                         [90m│[39m [37mmetheus-port 38477 --rpc-port 38485 --listen-addr /ip4/0.0.0.0/tcp/33099/ws --base-path /t[39m         [90m│[39m
[90m│[39m                         [90m│[39m [37mmp/zombie-b240bb0d1d7bc30d17dd9a4ed81451cf_-79225-0tkQ9Ss7o7tJ/bob/data[0m                            [90m│[39m
[90m└─────────────────────────[39m[90m┴────────────────────────────────────────────────────────────────────────────────────────────────────┘[39m
[90m┌─────────────────────────[39m[90m┬────────────────────────────────────────────────────────────────────────────────────────────────────┐[39m
[90m│[39m [36mPod[0m                     [90m│[39m [32mcharlie[0m                                                                                            [90m│[39m
[90m├─────────────────────────[39m[90m┼────────────────────────────────────────────────────────────────────────────────────────────────────┤[39m
[90m│[39m [36mStatus[0m                  [90m│[39m [32mLaunching[0m                                                                                          [90m│[39m
[90m├─────────────────────────[39m[90m┼────────────────────────────────────────────────────────────────────────────────────────────────────┤[39m
[90m│[39m [36mCommand[0m                 [90m│[39m [37m./bin/polkadot-v1.0.0 --chain /tmp/zombie-b240bb0d1d7bc30d17dd9a4ed81451cf_-79225-0tk[39m              [90m│[39m
[90m│[39m                         [90m│[39m [37mQ9Ss7o7tJ/charlie/cfg/rococo-local.json --name charlie --rpc-cors all --unsafe-rpc-externa[39m         [90m│[39m
[90m│[39m                         [90m│[39m [37ml --rpc-methods unsafe -lparachain=debug --no-mdns --node-key b9dd960c1753459a78115d3cb845[39m         [90m│[39m
[90m│[39m                         [90m│[39m [37ma57d924b6877e805b08bd01086ccdf34433c --no-telemetry --prometheus-external --validator --bo[39m         [90m│[39m
[90m│[39m                         [90m│[39m [37motnodes /ip4/127.0.0.1/tcp/45325/ws/p2p/12D3KooWQCkBm1BYtkHpocxCwMgR8yjitEeHGx8spzcDLGt2gk[39m         [90m│[39m
[90m│[39m                         [90m│[39m [37mBm --prometheus-port 39201 --rpc-port 35745 --listen-addr /ip4/0.0.0.0/tcp/42817/ws --base[39m         [90m│[39m
[90m│[39m                         [90m│[39m [37m-path /tmp/zombie-b240bb0d1d7bc30d17dd9a4ed81451cf_-79225-0tkQ9Ss7o7tJ/charlie/data[0m                [90m│[39m
[90m└─────────────────────────[39m[90m┴────────────────────────────────────────────────────────────────────────────────────────────────────┘[39m
[90m┌─────────────────────────[39m[90m┬────────────────────────────────────────────────────────────────────────────────────────────────────┐[39m
[90m│[39m [36mPod[0m                     [90m│[39m [32mdave[0m                                                                                               [90m│[39m
[90m├─────────────────────────[39m[90m┼────────────────────────────────────────────────────────────────────────────────────────────────────┤[39m
[90m│[39m [36mStatus[0m                  [90m│[39m [32mLaunching[0m                                                                                          [90m│[39m
[90m├─────────────────────────[39m[90m┼────────────────────────────────────────────────────────────────────────────────────────────────────┤[39m
[90m│[39m [36mCommand[0m                 [90m│[39m [37m./bin/polkadot-v1.0.0 --chain /tmp/zombie-b240bb0d1d7bc30d17dd9a4ed81451cf_-79225-0tk[39m              [90m│[39m
[90m│[39m                         [90m│[39m [37mQ9Ss7o7tJ/dave/cfg/rococo-local.json --name dave --rpc-cors all --unsafe-rpc-external --rp[39m         [90m│[39m
[90m│[39m                         [90m│[39m [37mc-methods unsafe -lparachain=debug --no-mdns --node-key 61ea0803f8853523b777d414ace3130cd4[39m         [90m│[39m
[90m│[39m                         [90m│[39m [37md3f92de2cd7ff8695c337d79c2eeee --no-telemetry --prometheus-external --validator --bootnode[39m         [90m│[39m
[90m│[39m                         [90m│[39m [37ms /ip4/127.0.0.1/tcp/45325/ws/p2p/12D3KooWQCkBm1BYtkHpocxCwMgR8yjitEeHGx8spzcDLGt2gkBm --p[39m         [90m│[39m
[90m│[39m                         [90m│[39m [37mrometheus-port 38615 --rpc-port 41779 --listen-addr /ip4/0.0.0.0/tcp/44825/ws --base-path [39m         [90m│[39m
[90m│[39m                         [90m│[39m [37m/tmp/zombie-b240bb0d1d7bc30d17dd9a4ed81451cf_-79225-0tkQ9Ss7o7tJ/dave/data[0m                         [90m│[39m
[90m└─────────────────────────[39m[90m┴────────────────────────────────────────────────────────────────────────────────────────────────────┘[39m
[90m┌────────────────────────────────────────[39m[90m┬────────────────────────────────────────────────────────────────────────────────┐[39m
[90m│[39m [36mPod[0m                                    [90m│[39m [32mbob[0m                                                                            [90m│[39m
[90m├────────────────────────────────────────[39m[90m┼────────────────────────────────────────────────────────────────────────────────┤[39m
[90m│[39m [36mStatus[0m                                 [90m│[39m [32mReady[0m                                                                          [90m│[39m
[90m└────────────────────────────────────────[39m[90m┴────────────────────────────────────────────────────────────────────────────────┘[39m
[90m╔════════════════════[39m[90m╤════════════════════════════════════════════════════════════════════════════════════════════════════╗[39m
[90m║[39m Pod                [90m│[39m [32mbob[0m                                                                                                [90m║[39m
[90m╟────────────────────[39m[90m┼────────────────────────────────────────────────────────────────────────────────────────────────────╢[39m
[90m║[39m Status             [90m│[39m [32mRunning[0m                                                                                            [90m║[39m
[90m╟────────────────────╧────────────────────────────────────────────────────────────────────────────────────────────────────╢[39m
[90m║[39m [35mYou can follow the logs of the node by running this command: [0m                                                           [90m║[39m
[90m╚═════════════════════════════════════════════════════════════════════════════════════════════════════════════════════════╝[39m
tail -f  /tmp/zombie-b240bb0d1d7bc30d17dd9a4ed81451cf_-79225-0tkQ9Ss7o7tJ/bob.log


[90m┌────────────────────────────────────────[39m[90m┬────────────────────────────────────────────────────────────────────────────────┐[39m
[90m│[39m [36mPod[0m                                    [90m│[39m [32mcharlie[0m                                                                        [90m│[39m
[90m├────────────────────────────────────────[39m[90m┼────────────────────────────────────────────────────────────────────────────────┤[39m
[90m│[39m [36mStatus[0m                                 [90m│[39m [32mReady[0m                                                                          [90m│[39m
[90m└────────────────────────────────────────[39m[90m┴────────────────────────────────────────────────────────────────────────────────┘[39m
[90m╔════════════════════[39m[90m╤════════════════════════════════════════════════════════════════════════════════════════════════════╗[39m
[90m║[39m Pod                [90m│[39m [32mcharlie[0m                                                                                            [90m║[39m
[90m╟────────────────────[39m[90m┼────────────────────────────────────────────────────────────────────────────────────────────────────╢[39m
[90m║[39m Status             [90m│[39m [32mRunning[0m                                                                                            [90m║[39m
[90m╟────────────────────╧────────────────────────────────────────────────────────────────────────────────────────────────────╢[39m
[90m║[39m [35mYou can follow the logs of the node by running this command: [0m                                                           [90m║[39m
[90m╚═════════════════════════════════════════════════════════════════════════════════════════════════════════════════════════╝[39m
tail -f  /tmp/zombie-b240bb0d1d7bc30d17dd9a4ed81451cf_-79225-0tkQ9Ss7o7tJ/charlie.log


[90m┌────────────────────────────────────────[39m[90m┬────────────────────────────────────────────────────────────────────────────────┐[39m
[90m│[39m [36mPod[0m                                    [90m│[39m [32mdave[0m                                                                           [90m│[39m
[90m├────────────────────────────────────────[39m[90m┼────────────────────────────────────────────────────────────────────────────────┤[39m
[90m│[39m [36mStatus[0m                                 [90m│[39m [32mReady[0m                                                                          [90m│[39m
[90m└────────────────────────────────────────[39m[90m┴────────────────────────────────────────────────────────────────────────────────┘[39m
[90m╔════════════════════[39m[90m╤════════════════════════════════════════════════════════════════════════════════════════════════════╗[39m
[90m║[39m Pod                [90m│[39m [32mdave[0m                                                                                               [90m║[39m
[90m╟────────────────────[39m[90m┼────────────────────────────────────────────────────────────────────────────────────────────────────╢[39m
[90m║[39m Status             [90m│[39m [32mRunning[0m                                                                                            [90m║[39m
[90m╟────────────────────╧────────────────────────────────────────────────────────────────────────────────────────────────────╢[39m
[90m║[39m [35mYou can follow the logs of the node by running this command: [0m                                                           [90m║[39m
[90m╚═════════════════════════════════════════════════════════════════════════════════════════════════════════════════════════╝[39m
tail -f  /tmp/zombie-b240bb0d1d7bc30d17dd9a4ed81451cf_-79225-0tkQ9Ss7o7tJ/dave.log


[90m╔════════════════════════════════════════════════════════════════════════════════════════════════════════════════════════╗[39m
[90m║[39m [32mAll relay chain nodes spawned...[0m                                                                                       [90m║[39m
[90m╚════════════════════════════════════════════════════════════════════════════════════════════════════════════════════════╝[39m
[90m┌─────────────────────────[39m[90m┬────────────────────────────────────────────────────────────────────────────────────────────────────┐[39m
[90m│[39m [36mPod[0m                     [90m│[39m [32mstatemine-collator01[0m                                                                               [90m│[39m
[90m├─────────────────────────[39m[90m┼────────────────────────────────────────────────────────────────────────────────────────────────────┤[39m
[90m│[39m [36mStatus[0m                  [90m│[39m [32mLaunching[0m                                                                                          [90m│[39m
[90m├─────────────────────────[39m[90m┼────────────────────────────────────────────────────────────────────────────────────────────────────┤[39m
[90m│[39m [36mCommand[0m                 [90m│[39m [37m./bin/polkadot-parachain-v1.0.0 --name statemine-collator01 --node-key 1004f216ea6988[39m              [90m│[39m
[90m│[39m                         [90m│[39m [37mb2c92eee86209c148ddbaa2d44945fa75548632e8f469a0912 --chain /tmp/zombie-b240bb0d1d7bc30d17d[39m         [90m│[39m
[90m│[39m                         [90m│[39m [37md9a4ed81451cf_-79225-0tkQ9Ss7o7tJ/statemine-collator01/cfg/asset-hub-kusama-local_rococo-l[39m         [90m│[39m
[90m│[39m                         [90m│[39m [37mocal-1000.json --base-path /tmp/zombie-b240bb0d1d7bc30d17dd9a4ed81451cf_-79225-0tkQ9Ss7o7t[39m         [90m│[39m
[90m│[39m                         [90m│[39m [37mJ/statemine-collator01/data --listen-addr /ip4/0.0.0.0/tcp/38211/ws --prometheus-external [39m         [90m│[39m
[90m│[39m                         [90m│[39m [37m--rpc-cors all --unsafe-rpc-external --rpc-methods unsafe --prometheus-port 46137 --rpc-po[39m         [90m│[39m
[90m│[39m                         [90m│[39m [37mrt 9910 --collator --log=xcm=trace,pallet-assets=trace -- --base-path /tmp/zombie-b240bb0d[39m         [90m│[39m
[90m│[39m                         [90m│[39m [37m1d7bc30d17dd9a4ed81451cf_-79225-0tkQ9Ss7o7tJ/statemine-collator01/relay-data --chain /tmp/[39m         [90m│[39m
[90m│[39m                         [90m│[39m [37mzombie-b240bb0d1d7bc30d17dd9a4ed81451cf_-79225-0tkQ9Ss7o7tJ/statemine-collator01/cfg/rococ[39m         [90m│[39m
[90m│[39m                         [90m│[39m [37mo-local.json --execution wasm --port 40233 --rpc-port 39127[0m                                        [90m│[39m
[90m└─────────────────────────[39m[90m┴────────────────────────────────────────────────────────────────────────────────────────────────────┘[39m
[90m┌────────────────────────────────────────[39m[90m┬────────────────────────────────────────────────────────────────────────────────┐[39m
[90m│[39m [36mPod[0m                                    [90m│[39m [32mstatemine-collator01[0m                                                           [90m│[39m
[90m├────────────────────────────────────────[39m[90m┼────────────────────────────────────────────────────────────────────────────────┤[39m
[90m│[39m [36mStatus[0m                                 [90m│[39m [32mReady[0m                                                                          [90m│[39m
[90m└────────────────────────────────────────[39m[90m┴────────────────────────────────────────────────────────────────────────────────┘[39m
[90m╔════════════════════[39m[90m╤════════════════════════════════════════════════════════════════════════════════════════════════════╗[39m
[90m║[39m Pod                [90m│[39m [32mstatemine-collator01[0m                                                                               [90m║[39m
[90m╟────────────────────[39m[90m┼────────────────────────────────────────────────────────────────────────────────────────────────────╢[39m
[90m║[39m Status             [90m│[39m [32mRunning[0m                                                                                            [90m║[39m
[90m╟────────────────────╧────────────────────────────────────────────────────────────────────────────────────────────────────╢[39m
[90m║[39m [35mYou can follow the logs of the node by running this command: [0m                                                           [90m║[39m
[90m╚═════════════════════════════════════════════════════════════════════════════════════════════════════════════════════════╝[39m
tail -f  /tmp/zombie-b240bb0d1d7bc30d17dd9a4ed81451cf_-79225-0tkQ9Ss7o7tJ/statemine-collator01.log


[90m┌────────────────────────────────────────────────────────────────────────────────────────────────────────────────────────┐[39m
[90m│[39m [32mKusama Asset Hub Local[0m ⚙ Added Boot Nodes                                                                              [90m│[39m
[90m├────────────────────────────────────────────────────────────────────────────────────────────────────────────────────────┤[39m
[90m│[39m /ip4/127.0.0.1/tcp/38211/ws/p2p/12D3KooWGhm4me5CTz1U1ncZ3NDyvJUWkwtnu1TaUBQnXgd7vYCe                                   [90m│[39m
[90m└────────────────────────────────────────────────────────────────────────────────────────────────────────────────────────┘[39m
[90m┌─────────────────────────[39m[90m┬────────────────────────────────────────────────────────────────────────────────────────────────────┐[39m
[90m│[39m [36mPod[0m                     [90m│[39m [32mtrappist-collator01[0m                                                                                [90m│[39m
[90m├─────────────────────────[39m[90m┼────────────────────────────────────────────────────────────────────────────────────────────────────┤[39m
[90m│[39m [36mStatus[0m                  [90m│[39m [32mLaunching[0m                                                                                          [90m│[39m
[90m├─────────────────────────[39m[90m┼────────────────────────────────────────────────────────────────────────────────────────────────────┤[39m
[90m│[39m [36mCommand[0m                 [90m│[39m [37m./bin/trappist-collator --name trappist-collator01 --node-key 37c6dd386ee791b1960ed4e[39m              [90m│[39m
[90m│[39m                         [90m│[39m [37m7efd2cc2993a632bfd9a2d711647eb537095ceada --chain /tmp/zombie-b240bb0d1d7bc30d17dd9a4ed814[39m         [90m│[39m
[90m│[39m                         [90m│[39m [37m51cf_-79225-0tkQ9Ss7o7tJ/trappist-collator01/cfg/trappist-local_rococo-local-2000.json --b[39m         [90m│[39m
[90m│[39m                         [90m│[39m [37mase-path /tmp/zombie-b240bb0d1d7bc30d17dd9a4ed81451cf_-79225-0tkQ9Ss7o7tJ/trappist-collato[39m         [90m│[39m
[90m│[39m                         [90m│[39m [37mr01/data --listen-addr /ip4/0.0.0.0/tcp/37373/ws --prometheus-external --rpc-cors all --un[39m         [90m│[39m
[90m│[39m                         [90m│[39m [37msafe-rpc-external --rpc-methods unsafe --prometheus-port 44051 --rpc-port 9920 --collator [39m         [90m│[39m
[90m│[39m                         [90m│[39m [37m--log=xcm=trace,pallet-assets=trace -- --base-path /tmp/zombie-b240bb0d1d7bc30d17dd9a4ed81[39m         [90m│[39m
[90m│[39m                         [90m│[39m [37m451cf_-79225-0tkQ9Ss7o7tJ/trappist-collator01/relay-data --chain /tmp/zombie-b240bb0d1d7bc[39m         [90m│[39m
[90m│[39m                         [90m│[39m [37m30d17dd9a4ed81451cf_-79225-0tkQ9Ss7o7tJ/trappist-collator01/cfg/rococo-local.json --execut[39m         [90m│[39m
[90m│[39m                         [90m│[39m [37mion wasm --port 43345 --rpc-port 42729[0m                                                             [90m│[39m
[90m└─────────────────────────[39m[90m┴────────────────────────────────────────────────────────────────────────────────────────────────────┘[39m
[90m┌────────────────────────────────────────[39m[90m┬────────────────────────────────────────────────────────────────────────────────┐[39m
[90m│[39m [36mPod[0m                                    [90m│[39m [32mtrappist-collator01[0m                                                            [90m│[39m
[90m├────────────────────────────────────────[39m[90m┼────────────────────────────────────────────────────────────────────────────────┤[39m
[90m│[39m [36mStatus[0m                                 [90m│[39m [32mReady[0m                                                                          [90m│[39m
[90m└────────────────────────────────────────[39m[90m┴────────────────────────────────────────────────────────────────────────────────┘[39m
[90m╔════════════════════[39m[90m╤════════════════════════════════════════════════════════════════════════════════════════════════════╗[39m
[90m║[39m Pod                [90m│[39m [32mtrappist-collator01[0m                                                                                [90m║[39m
[90m╟────────────────────[39m[90m┼────────────────────────────────────────────────────────────────────────────────────────────────────╢[39m
[90m║[39m Status             [90m│[39m [32mRunning[0m                                                                                            [90m║[39m
[90m╟────────────────────╧────────────────────────────────────────────────────────────────────────────────────────────────────╢[39m
[90m║[39m [35mYou can follow the logs of the node by running this command: [0m                                                           [90m║[39m
[90m╚═════════════════════════════════════════════════════════════════════════════════════════════════════════════════════════╝[39m
tail -f  /tmp/zombie-b240bb0d1d7bc30d17dd9a4ed81451cf_-79225-0tkQ9Ss7o7tJ/trappist-collator01.log


[90m┌────────────────────────────────────────────────────────────────────────────────────────────────────────────────────────┐[39m
[90m│[39m [32mTrappist Local[0m ⚙ Added Boot Nodes                                                                                      [90m│[39m
[90m├────────────────────────────────────────────────────────────────────────────────────────────────────────────────────────┤[39m
[90m│[39m /ip4/127.0.0.1/tcp/37373/ws/p2p/12D3KooWLq727f5XTWTjbHgpb2XJ8nz1der334AsRds5eYjtWJEq                                   [90m│[39m
[90m└────────────────────────────────────────────────────────────────────────────────────────────────────────────────────────┘[39m
[90m┌─────────────────────────[39m[90m┬────────────────────────────────────────────────────────────────────────────────────────────────────┐[39m
[90m│[39m [36mPod[0m                     [90m│[39m [32mstatemine-collator02[0m                                                                               [90m│[39m
[90m├─────────────────────────[39m[90m┼────────────────────────────────────────────────────────────────────────────────────────────────────┤[39m
[90m│[39m [36mStatus[0m                  [90m│[39m [32mLaunching[0m                                                                                          [90m│[39m
[90m├─────────────────────────[39m[90m┼────────────────────────────────────────────────────────────────────────────────────────────────────┤[39m
[90m│[39m [36mCommand[0m                 [90m│[39m [37m./bin/polkadot-parachain-v1.0.0 --name statemine-collator02 --node-key f8a7033f2f2eda[39m              [90m│[39m
[90m│[39m                         [90m│[39m [37meb72e5c685e8d21ca4ab4ae3677417ff4458f1480cf14d25e0 --chain /tmp/zombie-b240bb0d1d7bc30d17d[39m         [90m│[39m
[90m│[39m                         [90m│[39m [37md9a4ed81451cf_-79225-0tkQ9Ss7o7tJ/statemine-collator02/cfg/asset-hub-kusama-local_rococo-l[39m         [90m│[39m
[90m│[39m                         [90m│[39m [37mocal-1000.json --base-path /tmp/zombie-b240bb0d1d7bc30d17dd9a4ed81451cf_-79225-0tkQ9Ss7o7t[39m         [90m│[39m
[90m│[39m                         [90m│[39m [37mJ/statemine-collator02/data --listen-addr /ip4/0.0.0.0/tcp/44603/ws --prometheus-external [39m         [90m│[39m
[90m│[39m                         [90m│[39m [37m--rpc-cors all --unsafe-rpc-external --rpc-methods unsafe --prometheus-port 36649 --rpc-po[39m         [90m│[39m
[90m│[39m                         [90m│[39m [37mrt 9911 --collator --log=xcm=trace,pallet-assets=trace -- --base-path /tmp/zombie-b240bb0d[39m         [90m│[39m
[90m│[39m                         [90m│[39m [37m1d7bc30d17dd9a4ed81451cf_-79225-0tkQ9Ss7o7tJ/statemine-collator02/relay-data --chain /tmp/[39m         [90m│[39m
[90m│[39m                         [90m│[39m [37mzombie-b240bb0d1d7bc30d17dd9a4ed81451cf_-79225-0tkQ9Ss7o7tJ/statemine-collator02/cfg/rococ[39m         [90m│[39m
[90m│[39m                         [90m│[39m [37mo-local.json --execution wasm --port 37581 --rpc-port 38825[0m                                        [90m│[39m
[90m└─────────────────────────[39m[90m┴────────────────────────────────────────────────────────────────────────────────────────────────────┘[39m
[90m┌─────────────────────────[39m[90m┬────────────────────────────────────────────────────────────────────────────────────────────────────┐[39m
[90m│[39m [36mPod[0m                     [90m│[39m [32mtrappist-collator02[0m                                                                                [90m│[39m
[90m├─────────────────────────[39m[90m┼────────────────────────────────────────────────────────────────────────────────────────────────────┤[39m
[90m│[39m [36mStatus[0m                  [90m│[39m [32mLaunching[0m                                                                                          [90m│[39m
[90m├─────────────────────────[39m[90m┼────────────────────────────────────────────────────────────────────────────────────────────────────┤[39m
[90m│[39m [36mCommand[0m                 [90m│[39m [37m./bin/trappist-collator --name trappist-collator02 --node-key e4ef441a615445da6af6c5e[39m              [90m│[39m
[90m│[39m                         [90m│[39m [37m26b71bb7e0d52e264ffc3b719579f8bb492ad64a1 --chain /tmp/zombie-b240bb0d1d7bc30d17dd9a4ed814[39m         [90m│[39m
[90m│[39m                         [90m│[39m [37m51cf_-79225-0tkQ9Ss7o7tJ/trappist-collator02/cfg/trappist-local_rococo-local-2000.json --b[39m         [90m│[39m
[90m│[39m                         [90m│[39m [37mase-path /tmp/zombie-b240bb0d1d7bc30d17dd9a4ed81451cf_-79225-0tkQ9Ss7o7tJ/trappist-collato[39m         [90m│[39m
[90m│[39m                         [90m│[39m [37mr02/data --listen-addr /ip4/0.0.0.0/tcp/36713/ws --prometheus-external --rpc-cors all --un[39m         [90m│[39m
[90m│[39m                         [90m│[39m [37msafe-rpc-external --rpc-methods unsafe --prometheus-port 41837 --rpc-port 9921 --collator [39m         [90m│[39m
[90m│[39m                         [90m│[39m [37m--log=xcm=trace,pallet-assets=trace -- --base-path /tmp/zombie-b240bb0d1d7bc30d17dd9a4ed81[39m         [90m│[39m
[90m│[39m                         [90m│[39m [37m451cf_-79225-0tkQ9Ss7o7tJ/trappist-collator02/relay-data --chain /tmp/zombie-b240bb0d1d7bc[39m         [90m│[39m
[90m│[39m                         [90m│[39m [37m30d17dd9a4ed81451cf_-79225-0tkQ9Ss7o7tJ/trappist-collator02/cfg/rococo-local.json --execut[39m         [90m│[39m
[90m│[39m                         [90m│[39m [37mion wasm --port 35199 --rpc-port 36817[0m                                                             [90m│[39m
[90m└─────────────────────────[39m[90m┴────────────────────────────────────────────────────────────────────────────────────────────────────┘[39m
[90m┌────────────────────────────────────────[39m[90m┬────────────────────────────────────────────────────────────────────────────────┐[39m
[90m│[39m [36mPod[0m                                    [90m│[39m [32mstatemine-collator02[0m                                                           [90m│[39m
[90m├────────────────────────────────────────[39m[90m┼────────────────────────────────────────────────────────────────────────────────┤[39m
[90m│[39m [36mStatus[0m                                 [90m│[39m [32mReady[0m                                                                          [90m│[39m
[90m└────────────────────────────────────────[39m[90m┴────────────────────────────────────────────────────────────────────────────────┘[39m
[90m╔════════════════════[39m[90m╤════════════════════════════════════════════════════════════════════════════════════════════════════╗[39m
[90m║[39m Pod                [90m│[39m [32mstatemine-collator02[0m                                                                               [90m║[39m
[90m╟────────────────────[39m[90m┼────────────────────────────────────────────────────────────────────────────────────────────────────╢[39m
[90m║[39m Status             [90m│[39m [32mRunning[0m                                                                                            [90m║[39m
[90m╟────────────────────╧────────────────────────────────────────────────────────────────────────────────────────────────────╢[39m
[90m║[39m [35mYou can follow the logs of the node by running this command: [0m                                                           [90m║[39m
[90m╚═════════════════════════════════════════════════════════════════════════════════════════════════════════════════════════╝[39m
tail -f  /tmp/zombie-b240bb0d1d7bc30d17dd9a4ed81451cf_-79225-0tkQ9Ss7o7tJ/statemine-collator02.log


[90m┌────────────────────────────────────────[39m[90m┬────────────────────────────────────────────────────────────────────────────────┐[39m
[90m│[39m [36mPod[0m                                    [90m│[39m [32mtrappist-collator02[0m                                                            [90m│[39m
[90m├────────────────────────────────────────[39m[90m┼────────────────────────────────────────────────────────────────────────────────┤[39m
[90m│[39m [36mStatus[0m                                 [90m│[39m [32mReady[0m                                                                          [90m│[39m
[90m└────────────────────────────────────────[39m[90m┴────────────────────────────────────────────────────────────────────────────────┘[39m
[90m╔════════════════════[39m[90m╤════════════════════════════════════════════════════════════════════════════════════════════════════╗[39m
[90m║[39m Pod                [90m│[39m [32mtrappist-collator02[0m                                                                                [90m║[39m
[90m╟────────────────────[39m[90m┼────────────────────────────────────────────────────────────────────────────────────────────────────╢[39m
[90m║[39m Status             [90m│[39m [32mRunning[0m                                                                                            [90m║[39m
[90m╟────────────────────╧────────────────────────────────────────────────────────────────────────────────────────────────────╢[39m
[90m║[39m [35mYou can follow the logs of the node by running this command: [0m                                                           [90m║[39m
[90m╚═════════════════════════════════════════════════════════════════════════════════════════════════════════════════════════╝[39m
tail -f  /tmp/zombie-b240bb0d1d7bc30d17dd9a4ed81451cf_-79225-0tkQ9Ss7o7tJ/trappist-collator02.log



[31mError[0m 	 [1mfetching metrics from: http://127.0.0.1:46137/metrics[0m

[31mError[0m 	 [1mfetching metrics from: http://127.0.0.1:44051/metrics[0m

[31mError[0m 	 [1mfetching metrics from: http://127.0.0.1:36649/metrics[0m

[31mError[0m 	 [1mfetching metrics from: http://127.0.0.1:41837/metrics[0m

[31mError[0m 	 [1mfetching metrics from: http://127.0.0.1:44051/metrics[0m

[31mError[0m 	 [1mfetching metrics from: http://127.0.0.1:36649/metrics[0m

[31mError[0m 	 [1mfetching metrics from: http://127.0.0.1:41837/metrics[0m

[31mError[0m 	 [1mfetching metrics from: http://127.0.0.1:44051/metrics[0m

[31mError[0m 	 [1mfetching metrics from: http://127.0.0.1:36649/metrics[0m

[31mError[0m 	 [1mfetching metrics from: http://127.0.0.1:41837/metrics[0m

[31mError[0m 	 [1mfetching metrics from: http://127.0.0.1:44051/metrics[0m

[31mError[0m 	 [1mfetching metrics from: http://127.0.0.1:36649/metrics[0m

[31mError[0m 	 [1mfetching metrics from: http://127.0.0.1:41837/metrics[0m

[31mError[0m 	 [1mfetching metrics from: http://127.0.0.1:44051/metrics[0m

[31mError[0m 	 [1mfetching metrics from: http://127.0.0.1:36649/metrics[0m

[31mError[0m 	 [1mfetching metrics from: http://127.0.0.1:41837/metrics[0m

[31mError[0m 	 [1mfetching metrics from: http://127.0.0.1:44051/metrics[0m

[31mError[0m 	 [1mfetching metrics from: http://127.0.0.1:36649/metrics[0m

[31mError[0m 	 [1mfetching metrics from: http://127.0.0.1:41837/metrics[0m

[31mError[0m 	 [1mfetching metrics from: http://127.0.0.1:44051/metrics[0m

[31mError[0m 	 [1mfetching metrics from: http://127.0.0.1:36649/metrics[0m

[31mError[0m 	 [1mfetching metrics from: http://127.0.0.1:41837/metrics[0m

[31mError[0m 	 [1mfetching metrics from: http://127.0.0.1:44051/metrics[0m

[31mError[0m 	 [1mfetching metrics from: http://127.0.0.1:36649/metrics[0m

[31mError[0m 	 [1mfetching metrics from: http://127.0.0.1:41837/metrics[0m

[31mError[0m 	 [1mfetching metrics from: http://127.0.0.1:44051/metrics[0m

[31mError[0m 	 [1mfetching metrics from: http://127.0.0.1:36649/metrics[0m

[31mError[0m 	 [1mfetching metrics from: http://127.0.0.1:41837/metrics[0m

[31mError[0m 	 [1mfetching metrics from: http://127.0.0.1:44051/metrics[0m

[31mError[0m 	 [1mfetching metrics from: http://127.0.0.1:36649/metrics[0m

[31mError[0m 	 [1mfetching metrics from: http://127.0.0.1:41837/metrics[0m

[31mError[0m 	 [1mfetching metrics from: http://127.0.0.1:44051/metrics[0m

[31mError[0m 	 [1mfetching metrics from: http://127.0.0.1:36649/metrics[0m

[31mError[0m 	 [1mfetching metrics from: http://127.0.0.1:41837/metrics[0m

[31mError[0m 	 [1mfetching metrics from: http://127.0.0.1:44051/metrics[0m

[31mError[0m 	 [1mfetching metrics from: http://127.0.0.1:36649/metrics[0m

[31mError[0m 	 [1mfetching metrics from: http://127.0.0.1:41837/metrics[0m

[31mError[0m 	 [1mfetching metrics from: http://127.0.0.1:44051/metrics[0m

[31mError[0m 	 [1mfetching metrics from: http://127.0.0.1:36649/metrics[0m

[31mError[0m 	 [1mfetching metrics from: http://127.0.0.1:41837/metrics[0m

[31mError[0m 	 [1mfetching metrics from: http://127.0.0.1:44051/metrics[0m

[31mError[0m 	 [1mfetching metrics from: http://127.0.0.1:36649/metrics[0m

[31mError[0m 	 [1mfetching metrics from: http://127.0.0.1:41837/metrics[0m

[31mError[0m 	 [1mfetching metrics from: http://127.0.0.1:44051/metrics[0m

[31mError[0m 	 [1mfetching metrics from: http://127.0.0.1:36649/metrics[0m

[31mError[0m 	 [1mfetching metrics from: http://127.0.0.1:41837/metrics[0m

[31mError[0m 	 [1mfetching metrics from: http://127.0.0.1:44051/metrics[0m

[31mError[0m 	 [1mfetching metrics from: http://127.0.0.1:36649/metrics[0m

[31mError[0m 	 [1mfetching metrics from: http://127.0.0.1:41837/metrics[0m

[31mError[0m 	 [1mfetching metrics from: http://127.0.0.1:44051/metrics[0m

[31mError[0m 	 [1mfetching metrics from: http://127.0.0.1:36649/metrics[0m

[31mError[0m 	 [1mfetching metrics from: http://127.0.0.1:41837/metrics[0m

[31mError[0m 	 [1mfetching metrics from: http://127.0.0.1:36649/metrics[0m

[31mError[0m 	 [1mfetching metrics from: http://127.0.0.1:41837/metrics[0m

[31mError[0m 	 [1mfetching metrics from: http://127.0.0.1:36649/metrics[0m

[31mError[0m 	 [1mfetching metrics from: http://127.0.0.1:41837/metrics[0m

[31mError[0m 	 [1mfetching metrics from: http://127.0.0.1:36649/metrics[0m

[31mError[0m 	 [1mfetching metrics from: http://127.0.0.1:41837/metrics[0m

[31mError[0m 	 [1mfetching metrics from: http://127.0.0.1:36649/metrics[0m

[31mError[0m 	 [1mfetching metrics from: http://127.0.0.1:41837/metrics[0m

[31mError[0m 	 [1mfetching metrics from: http://127.0.0.1:41837/metrics[0m

[31mError[0m 	 [1mfetching metrics from: http://127.0.0.1:41837/metrics[0m

[31mError[0m 	 [1mfetching metrics from: http://127.0.0.1:41837/metrics[0m

[31mError[0m 	 [1mfetching metrics from: http://127.0.0.1:41837/metrics[0m
[90m┌───────────────────────────────────────────────────────────────────────────────────────────────────────────────────────────────────┐[39m
[90m│[39m[31m                                                       [32mNetwork launched 🚀🚀[0m                                                       [39m[90m│[39m
[90m├──────────────────────────────[39m[90m┬────────────────────────────────────────────────────────────────────────────────────────────────────┤[39m
[90m│[39m Namespace                    [90m│[39m zombie-b240bb0d1d7bc30d17dd9a4ed81451cf                                                            [90m│[39m
[90m├──────────────────────────────[39m[90m┼────────────────────────────────────────────────────────────────────────────────────────────────────┤[39m
[90m│[39m Provider                     [90m│[39m native                                                                                             [90m│[39m
[90m├──────────────────────────────┴────────────────────────────────────────────────────────────────────────────────────────────────────┤[39m
[90m│[39m                                                         Node Information                                                          [90m│[39m
[90m├──────────────────────────────[39m[90m┬────────────────────────────────────────────────────────────────────────────────────────────────────┤[39m
[90m│[39m [36mName[0m                         [90m│[39m [32malice[0m                                                                                              [90m│[39m
[90m├──────────────────────────────[39m[90m┼────────────────────────────────────────────────────────────────────────────────────────────────────┤[39m
[90m│[39m [36mDirect Link[0m                  [90m│[39m https://polkadot.js.org/apps/?rpc=ws://127.0.0.1:9900#/explorer                                    [90m│[39m
[90m├──────────────────────────────[39m[90m┼────────────────────────────────────────────────────────────────────────────────────────────────────┤[39m
[90m│[39m [36mPrometheus Link[0m              [90m│[39m http://127.0.0.1:37781/metrics                                                                     [90m│[39m
[90m├──────────────────────────────[39m[90m┼────────────────────────────────────────────────────────────────────────────────────────────────────┤[39m
[90m│[39m [36mLog Cmd[0m                      [90m│[39m tail -f  /tmp/zombie-b240bb0d1d7bc30d17dd9a4ed81451cf_-79225-0tkQ9Ss7o7tJ/alice.log                [90m│[39m
[90m├──────────────────────────────┴────────────────────────────────────────────────────────────────────────────────────────────────────┤[39m
[90m│[39m                                                         Node Information                                                          [90m│[39m
[90m├──────────────────────────────[39m[90m┬────────────────────────────────────────────────────────────────────────────────────────────────────┤[39m
[90m│[39m [36mName[0m                         [90m│[39m [32mbob[0m                                                                                                [90m│[39m
[90m├──────────────────────────────[39m[90m┼────────────────────────────────────────────────────────────────────────────────────────────────────┤[39m
[90m│[39m [36mDirect Link[0m                  [90m│[39m https://polkadot.js.org/apps/?rpc=ws://127.0.0.1:38485#/explorer                                   [90m│[39m
[90m├──────────────────────────────[39m[90m┼────────────────────────────────────────────────────────────────────────────────────────────────────┤[39m
[90m│[39m [36mPrometheus Link[0m              [90m│[39m http://127.0.0.1:38477/metrics                                                                     [90m│[39m
[90m├──────────────────────────────[39m[90m┼────────────────────────────────────────────────────────────────────────────────────────────────────┤[39m
[90m│[39m [36mLog Cmd[0m                      [90m│[39m tail -f  /tmp/zombie-b240bb0d1d7bc30d17dd9a4ed81451cf_-79225-0tkQ9Ss7o7tJ/bob.log                  [90m│[39m
[90m├──────────────────────────────┴────────────────────────────────────────────────────────────────────────────────────────────────────┤[39m
[90m│[39m                                                         Node Information                                                          [90m│[39m
[90m├──────────────────────────────[39m[90m┬────────────────────────────────────────────────────────────────────────────────────────────────────┤[39m
[90m│[39m [36mName[0m                         [90m│[39m [32mcharlie[0m                                                                                            [90m│[39m
[90m├──────────────────────────────[39m[90m┼────────────────────────────────────────────────────────────────────────────────────────────────────┤[39m
[90m│[39m [36mDirect Link[0m                  [90m│[39m https://polkadot.js.org/apps/?rpc=ws://127.0.0.1:35745#/explorer                                   [90m│[39m
[90m├──────────────────────────────[39m[90m┼────────────────────────────────────────────────────────────────────────────────────────────────────┤[39m
[90m│[39m [36mPrometheus Link[0m              [90m│[39m http://127.0.0.1:39201/metrics                                                                     [90m│[39m
[90m├──────────────────────────────[39m[90m┼────────────────────────────────────────────────────────────────────────────────────────────────────┤[39m
[90m│[39m [36mLog Cmd[0m                      [90m│[39m tail -f  /tmp/zombie-b240bb0d1d7bc30d17dd9a4ed81451cf_-79225-0tkQ9Ss7o7tJ/charlie.log              [90m│[39m
[90m├──────────────────────────────┴────────────────────────────────────────────────────────────────────────────────────────────────────┤[39m
[90m│[39m                                                         Node Information                                                          [90m│[39m
[90m├──────────────────────────────[39m[90m┬────────────────────────────────────────────────────────────────────────────────────────────────────┤[39m
[90m│[39m [36mName[0m                         [90m│[39m [32mdave[0m                                                                                               [90m│[39m
[90m├──────────────────────────────[39m[90m┼────────────────────────────────────────────────────────────────────────────────────────────────────┤[39m
[90m│[39m [36mDirect Link[0m                  [90m│[39m https://polkadot.js.org/apps/?rpc=ws://127.0.0.1:41779#/explorer                                   [90m│[39m
[90m├──────────────────────────────[39m[90m┼────────────────────────────────────────────────────────────────────────────────────────────────────┤[39m
[90m│[39m [36mPrometheus Link[0m              [90m│[39m http://127.0.0.1:38615/metrics                                                                     [90m│[39m
[90m├──────────────────────────────[39m[90m┼────────────────────────────────────────────────────────────────────────────────────────────────────┤[39m
[90m│[39m [36mLog Cmd[0m                      [90m│[39m tail -f  /tmp/zombie-b240bb0d1d7bc30d17dd9a4ed81451cf_-79225-0tkQ9Ss7o7tJ/dave.log                 [90m│[39m
[90m├──────────────────────────────┴────────────────────────────────────────────────────────────────────────────────────────────────────┤[39m
[90m│[39m                                                         Node Information                                                          [90m│[39m
[90m├──────────────────────────────[39m[90m┬────────────────────────────────────────────────────────────────────────────────────────────────────┤[39m
[90m│[39m [36mName[0m                         [90m│[39m [32mstatemine-collator01[0m                                                                               [90m│[39m
[90m├──────────────────────────────[39m[90m┼────────────────────────────────────────────────────────────────────────────────────────────────────┤[39m
[90m│[39m [36mDirect Link[0m                  [90m│[39m https://polkadot.js.org/apps/?rpc=ws://127.0.0.1:9910#/explorer                                    [90m│[39m
[90m├──────────────────────────────[39m[90m┼────────────────────────────────────────────────────────────────────────────────────────────────────┤[39m
[90m│[39m [36mPrometheus Link[0m              [90m│[39m http://127.0.0.1:46137/metrics                                                                     [90m│[39m
[90m├──────────────────────────────[39m[90m┼────────────────────────────────────────────────────────────────────────────────────────────────────┤[39m
[90m│[39m [36mLog Cmd[0m                      [90m│[39m tail -f  /tmp/zombie-b240bb0d1d7bc30d17dd9a4ed81451cf_-79225-0tkQ9Ss7o7tJ/statemine-collator01.log [90m│[39m
[90m├──────────────────────────────┴────────────────────────────────────────────────────────────────────────────────────────────────────┤[39m
[90m│[39m                                                         Node Information                                                          [90m│[39m
[90m├──────────────────────────────[39m[90m┬────────────────────────────────────────────────────────────────────────────────────────────────────┤[39m
[90m│[39m [36mName[0m                         [90m│[39m [32mstatemine-collator02[0m                                                                               [90m│[39m
[90m├──────────────────────────────[39m[90m┼────────────────────────────────────────────────────────────────────────────────────────────────────┤[39m
[90m│[39m [36mDirect Link[0m                  [90m│[39m https://polkadot.js.org/apps/?rpc=ws://127.0.0.1:9911#/explorer                                    [90m│[39m
[90m├──────────────────────────────[39m[90m┼────────────────────────────────────────────────────────────────────────────────────────────────────┤[39m
[90m│[39m [36mPrometheus Link[0m              [90m│[39m http://127.0.0.1:36649/metrics                                                                     [90m│[39m
[90m├──────────────────────────────[39m[90m┼────────────────────────────────────────────────────────────────────────────────────────────────────┤[39m
[90m│[39m [36mLog Cmd[0m                      [90m│[39m tail -f  /tmp/zombie-b240bb0d1d7bc30d17dd9a4ed81451cf_-79225-0tkQ9Ss7o7tJ/statemine-collator02.log [90m│[39m
[90m├──────────────────────────────[39m[90m┼────────────────────────────────────────────────────────────────────────────────────────────────────┤[39m
[90m│[39m [36mParachain ID[0m                 [90m│[39m 1000                                                                                               [90m│[39m
[90m├──────────────────────────────[39m[90m┼────────────────────────────────────────────────────────────────────────────────────────────────────┤[39m
[90m│[39m [36mChainSpec Path[0m               [90m│[39m /tmp/zombie-b240bb0d1d7bc30d17dd9a4ed81451cf_-79225-0tkQ9Ss7o7tJ/asset-hub-kusama-local-1000-roco… [90m│[39m
[90m├──────────────────────────────┴────────────────────────────────────────────────────────────────────────────────────────────────────┤[39m
[90m│[39m                                                         Node Information                                                          [90m│[39m
[90m├──────────────────────────────[39m[90m┬────────────────────────────────────────────────────────────────────────────────────────────────────┤[39m
[90m│[39m [36mName[0m                         [90m│[39m [32mtrappist-collator01[0m                                                                                [90m│[39m
[90m├──────────────────────────────[39m[90m┼────────────────────────────────────────────────────────────────────────────────────────────────────┤[39m
[90m│[39m [36mDirect Link[0m                  [90m│[39m https://polkadot.js.org/apps/?rpc=ws://127.0.0.1:9920#/explorer                                    [90m│[39m
[90m├──────────────────────────────[39m[90m┼────────────────────────────────────────────────────────────────────────────────────────────────────┤[39m
[90m│[39m [36mPrometheus Link[0m              [90m│[39m http://127.0.0.1:44051/metrics                                                                     [90m│[39m
[90m├──────────────────────────────[39m[90m┼────────────────────────────────────────────────────────────────────────────────────────────────────┤[39m
[90m│[39m [36mLog Cmd[0m                      [90m│[39m tail -f  /tmp/zombie-b240bb0d1d7bc30d17dd9a4ed81451cf_-79225-0tkQ9Ss7o7tJ/trappist-collator01.log  [90m│[39m
[90m├──────────────────────────────┴────────────────────────────────────────────────────────────────────────────────────────────────────┤[39m
[90m│[39m                                                         Node Information                                                          [90m│[39m
[90m├──────────────────────────────[39m[90m┬────────────────────────────────────────────────────────────────────────────────────────────────────┤[39m
[90m│[39m [36mName[0m                         [90m│[39m [32mtrappist-collator02[0m                                                                                [90m│[39m
[90m├──────────────────────────────[39m[90m┼────────────────────────────────────────────────────────────────────────────────────────────────────┤[39m
[90m│[39m [36mDirect Link[0m                  [90m│[39m https://polkadot.js.org/apps/?rpc=ws://127.0.0.1:9921#/explorer                                    [90m│[39m
[90m├──────────────────────────────[39m[90m┼────────────────────────────────────────────────────────────────────────────────────────────────────┤[39m
[90m│[39m [36mPrometheus Link[0m              [90m│[39m http://127.0.0.1:41837/metrics                                                                     [90m│[39m
[90m├──────────────────────────────[39m[90m┼────────────────────────────────────────────────────────────────────────────────────────────────────┤[39m
[90m│[39m [36mLog Cmd[0m                      [90m│[39m tail -f  /tmp/zombie-b240bb0d1d7bc30d17dd9a4ed81451cf_-79225-0tkQ9Ss7o7tJ/trappist-collator02.log  [90m│[39m
[90m├──────────────────────────────[39m[90m┼────────────────────────────────────────────────────────────────────────────────────────────────────┤[39m
[90m│[39m [36mParachain ID[0m                 [90m│[39m 2000                                                                                               [90m│[39m
[90m├──────────────────────────────[39m[90m┼────────────────────────────────────────────────────────────────────────────────────────────────────┤[39m
[90m│[39m [36mChainSpec Path[0m               [90m│[39m /tmp/zombie-b240bb0d1d7bc30d17dd9a4ed81451cf_-79225-0tkQ9Ss7o7tJ/trappist-local-2000-rococo-local… [90m│[39m
[90m└──────────────────────────────[39m[90m┴────────────────────────────────────────────────────────────────────────────────────────────────────┘[39m
